Using pre-set license
Built from '2021.3/staging' branch; Version is '2021.3.6f1 (7da38d85baf6) revision 8233869'; Using compiler version '192829333'; Build Type 'Release'
OS: 'Windows 10  (10.0.19044) 64bit CoreSingleLanguage' Language: 'en' Physical Memory: 7979 MB
BatchMode: 1, IsHumanControllingUs: 0, StartBugReporterOnCrash: 0, Is64bit: 1, IsPro: 1

COMMAND LINE ARGUMENTS:
C:\Program Files\Unity\Hub\Editor\2021.3.6f1\Editor\Unity.exe
-adb2
-batchMode
-noUpm
-name
AssetImportWorker0
-projectPath
C:/Users/Arjay/gamenet-lvldsgn-finals/Diocton & Bona LVLDSGN - GAMENET
-logFile
Logs/AssetImportWorker0.log
-srvPort
59276
Successfully changed project path to: C:/Users/Arjay/gamenet-lvldsgn-finals/Diocton & Bona LVLDSGN - GAMENET
C:/Users/Arjay/gamenet-lvldsgn-finals/Diocton & Bona LVLDSGN - GAMENET
[UnityMemory] Configuration Parameters - Can be set up in boot.config
    "memorysetup-bucket-allocator-granularity=16"
    "memorysetup-bucket-allocator-bucket-count=8"
    "memorysetup-bucket-allocator-block-size=33554432"
    "memorysetup-bucket-allocator-block-count=8"
    "memorysetup-main-allocator-block-size=16777216"
    "memorysetup-thread-allocator-block-size=16777216"
    "memorysetup-gfx-main-allocator-block-size=16777216"
    "memorysetup-gfx-thread-allocator-block-size=16777216"
    "memorysetup-cache-allocator-block-size=4194304"
    "memorysetup-typetree-allocator-block-size=2097152"
    "memorysetup-profiler-bucket-allocator-granularity=16"
    "memorysetup-profiler-bucket-allocator-bucket-count=8"
    "memorysetup-profiler-bucket-allocator-block-size=33554432"
    "memorysetup-profiler-bucket-allocator-block-count=8"
    "memorysetup-profiler-allocator-block-size=16777216"
    "memorysetup-profiler-editor-allocator-block-size=1048576"
    "memorysetup-temp-allocator-size-main=16777216"
    "memorysetup-job-temp-allocator-block-size=2097152"
    "memorysetup-job-temp-allocator-block-size-background=1048576"
    "memorysetup-job-temp-allocator-reduction-small-platforms=262144"
    "memorysetup-temp-allocator-size-background-worker=32768"
    "memorysetup-temp-allocator-size-job-worker=262144"
    "memorysetup-temp-allocator-size-preload-manager=33554432"
    "memorysetup-temp-allocator-size-nav-mesh-worker=65536"
    "memorysetup-temp-allocator-size-audio-worker=65536"
    "memorysetup-temp-allocator-size-cloud-worker=32768"
    "memorysetup-temp-allocator-size-gi-baking-worker=262144"
    "memorysetup-temp-allocator-size-gfx=262144"
Refreshing native plugins compatible for Editor in 95.51 ms, found 3 plugins.
Preloading 0 native plugins for Editor in 0.00 ms.
Initialize engine version: 2021.3.6f1 (7da38d85baf6)
[Subsystems] Discovering subsystems at path C:/Program Files/Unity/Hub/Editor/2021.3.6f1/Editor/Data/Resources/UnitySubsystems
[Subsystems] Discovering subsystems at path C:/Users/Arjay/gamenet-lvldsgn-finals/Diocton & Bona LVLDSGN - GAMENET/Assets
GfxDevice: creating device client; threaded=0; jobified=0
Direct3D:
    Version:  Direct3D 11.0 [level 11.1]
    Renderer: NVIDIA GeForce GTX 1650 Ti (ID=0x1f95)
    Vendor:   NVIDIA
    VRAM:     3962 MB
    Driver:   30.0.15.1278
Initialize mono
Mono path[0] = 'C:/Program Files/Unity/Hub/Editor/2021.3.6f1/Editor/Data/Managed'
Mono path[1] = 'C:/Program Files/Unity/Hub/Editor/2021.3.6f1/Editor/Data/MonoBleedingEdge/lib/mono/unityjit-win32'
Mono config path = 'C:/Program Files/Unity/Hub/Editor/2021.3.6f1/Editor/Data/MonoBleedingEdge/etc'
Using monoOptions --debugger-agent=transport=dt_socket,embedding=1,server=y,suspend=n,address=127.0.0.1:56720
Begin MonoManager ReloadAssembly
Registering precompiled unity dll's ...
Register platform support module: C:/Program Files/Unity/Hub/Editor/2021.3.6f1/Editor/Data/PlaybackEngines/WindowsStandaloneSupport/UnityEditor.WindowsStandalone.Extensions.dll
Registered in 0.009818 seconds.
Native extension for WindowsStandalone target not found
Refreshing native plugins compatible for Editor in 112.18 ms, found 3 plugins.
Preloading 0 native plugins for Editor in 0.00 ms.
Mono: successfully reloaded assembly
- Completed reload, in  1.195 seconds
Domain Reload Profiling:
	ReloadAssembly (1196ms)
		BeginReloadAssembly (368ms)
			ExecutionOrderSort (0ms)
			DisableScriptedObjects (0ms)
			BackupInstance (0ms)
			ReleaseScriptingObjects (0ms)
			CreateAndSetChildDomain (2ms)
		EndReloadAssembly (686ms)
			LoadAssemblies (363ms)
			RebuildTransferFunctionScriptingTraits (0ms)
			SetupTypeCache (140ms)
			ReleaseScriptCaches (0ms)
			RebuildScriptCaches (78ms)
			SetupLoadedEditorAssemblies (372ms)
				LogAssemblyErrors (0ms)
				InitializePlatformSupportModulesInManaged (15ms)
				SetLoadedEditorAssemblies (0ms)
				RefreshPlugins (113ms)
				BeforeProcessingInitializeOnLoad (2ms)
				ProcessInitializeOnLoadAttributes (166ms)
				ProcessInitializeOnLoadMethodAttributes (76ms)
				AfterProcessingInitializeOnLoad (0ms)
				EditorAssembliesLoaded (0ms)
			ExecutionOrderSort2 (0ms)
			AwakeInstancesAfterBackupRestoration (0ms)
Platform modules already initialized, skipping
Registering precompiled user dll's ...
Registered in 0.009472 seconds.
Begin MonoManager ReloadAssembly
Native extension for WindowsStandalone target not found
Refreshing native plugins compatible for Editor in 70.33 ms, found 3 plugins.
Preloading 0 native plugins for Editor in 0.00 ms.
Mono: successfully reloaded assembly
- Completed reload, in  1.820 seconds
Domain Reload Profiling:
	ReloadAssembly (1821ms)
		BeginReloadAssembly (188ms)
			ExecutionOrderSort (0ms)
			DisableScriptedObjects (12ms)
			BackupInstance (0ms)
			ReleaseScriptingObjects (0ms)
			CreateAndSetChildDomain (22ms)
		EndReloadAssembly (1420ms)
			LoadAssemblies (288ms)
			RebuildTransferFunctionScriptingTraits (0ms)
			SetupTypeCache (286ms)
			ReleaseScriptCaches (1ms)
			RebuildScriptCaches (133ms)
			SetupLoadedEditorAssemblies (638ms)
				LogAssemblyErrors (0ms)
				InitializePlatformSupportModulesInManaged (8ms)
				SetLoadedEditorAssemblies (0ms)
				RefreshPlugins (70ms)
				BeforeProcessingInitializeOnLoad (110ms)
				ProcessInitializeOnLoadAttributes (369ms)
				ProcessInitializeOnLoadMethodAttributes (68ms)
				AfterProcessingInitializeOnLoad (12ms)
				EditorAssembliesLoaded (0ms)
			ExecutionOrderSort2 (0ms)
			AwakeInstancesAfterBackupRestoration (8ms)
Platform modules already initialized, skipping
========================================================================
Worker process is ready to serve import requests
Launched and connected shader compiler UnityShaderCompiler.exe after 0.09 seconds
Refreshing native plugins compatible for Editor in 2.59 ms, found 3 plugins.
Preloading 0 native plugins for Editor in 0.00 ms.
Unloading 2857 Unused Serialized files (Serialized files now loaded: 0)
Unloading 53 unused Assets / (128.2 KB). Loaded Objects now: 3313.
Memory consumption went from 126.2 MB to 126.0 MB.
Total: 5.902400 ms (FindLiveObjects: 0.304900 ms CreateObjectMapping: 0.277700 ms MarkObjects: 5.030300 ms  DeleteObjects: 0.288200 ms)

AssetImportParameters requested are different than current active one (requested -> active):
  custom:video-decoder-ogg-theora: a1e56fd34408186e4bbccfd4996cb3dc -> 
  custom:container-muxer-webm: aa71ff27fc2769a1b78a27578f13a17b -> 
  custom:container-demuxer-webm: 4f35f7cbe854078d1ac9338744f61a02 -> 
  custom:video-encoder-webm-vp8: eb34c28f22e8b96e1ab97ce403110664 -> 
  custom:video-codec-MediaFoundation-h265: 746d11721c4dcdbdad8f713fa42b33f4 -> 
  custom:audio-encoder-webm-vorbis: bf7c407c2cedff20999df2af8eb42d56 -> 
  custom:framework-win-MediaFoundation: 216162199b28c13a410421893ffa2e32 -> 
  custom:container-demuxer-ogg: 62fdf1f143b41e24485cea50d1cbac27 -> 
  custom:video-decoder-webm-vp8: 9c59270c3fd7afecdb556c50c9e8de78 -> 
  custom:audio-decoder-ogg-vorbis: bf7c407c2cedff20999df2af8eb42d56 -> 
========================================================================
Received Import Request.
  Time since last request: 14200.584858 seconds.
  path: Assets/245167__deleted-user-4401185__glass-breaking.wav
  artifactKey: Guid(798e45f157739144993f6fd12e09487c) Importer(815301076,1909f56bfc062723c751e8b465ee728b)
Start importing Assets/245167__deleted-user-4401185__glass-breaking.wav using Guid(798e45f157739144993f6fd12e09487c) Importer(815301076,1909f56bfc062723c751e8b465ee728b)  -> (artifact id: 'd34f9327d4c65019ed1aaa66631b5602') in 0.233403 seconds 
========================================================================
Received Import Request.
  Time since last request: 0.000044 seconds.
  path: Assets/427848__inspectorj__glitching-vinyl-record-player-a.wav
  artifactKey: Guid(5414ca1f53615a84c98c07fec26bf325) Importer(815301076,1909f56bfc062723c751e8b465ee728b)
Start importing Assets/427848__inspectorj__glitching-vinyl-record-player-a.wav using Guid(5414ca1f53615a84c98c07fec26bf325) Importer(815301076,1909f56bfc062723c751e8b465ee728b)  -> (artifact id: 'f504c60d3f965474e99f82fb0e390b13') in 0.022145 seconds 
========================================================================
Received Import Request.
  Time since last request: 0.000041 seconds.
  path: Assets/272018__aldenroth2__blowing-air.wav
  artifactKey: Guid(728ff2ceba3a84947a994574aa1498c4) Importer(815301076,1909f56bfc062723c751e8b465ee728b)
Start importing Assets/272018__aldenroth2__blowing-air.wav using Guid(728ff2ceba3a84947a994574aa1498c4) Importer(815301076,1909f56bfc062723c751e8b465ee728b)  -> (artifact id: '179c68f8d8fc9a638c9b2155556343c7') in 0.026256 seconds 
========================================================================
Received Import Request.
  Time since last request: 0.000122 seconds.
  path: Assets/246184__andreangelo__bite-growl-effect.wav
  artifactKey: Guid(661e442c01a5c1844b2ced6f3b19717a) Importer(815301076,1909f56bfc062723c751e8b465ee728b)
Start importing Assets/246184__andreangelo__bite-growl-effect.wav using Guid(661e442c01a5c1844b2ced6f3b19717a) Importer(815301076,1909f56bfc062723c751e8b465ee728b)  -> (artifact id: '6a2d254f5eb35d1732ebc0d52a3e299a') in 0.019974 seconds 
========================================================================
Received Import Request.
  Time since last request: 0.000049 seconds.
  path: Assets/EnableSignals.signal
  artifactKey: Guid(2b78f16fce52fa8419f90b265d400b33) Importer(815301076,1909f56bfc062723c751e8b465ee728b)
Start importing Assets/EnableSignals.signal using Guid(2b78f16fce52fa8419f90b265d400b33) Importer(815301076,1909f56bfc062723c751e8b465ee728b)  -> (artifact id: '6c06298ef973a336094a9f4c9e206d71') in 0.024361 seconds 
========================================================================
Received Import Request.
  Time since last request: 0.000113 seconds.
  path: Assets/378568__toxicfilmzsrsounds__glass-breaking.wav
  artifactKey: Guid(dafd22ea4ae24084b9f20b57d1d88c8b) Importer(815301076,1909f56bfc062723c751e8b465ee728b)
Start importing Assets/378568__toxicfilmzsrsounds__glass-breaking.wav using Guid(dafd22ea4ae24084b9f20b57d1d88c8b) Importer(815301076,1909f56bfc062723c751e8b465ee728b)  -> (artifact id: '4f3e2e392f105028329ee548ea4159da') in 0.032236 seconds 
========================================================================
Received Import Request.
  Time since last request: 69.442346 seconds.
  path: Assets/Resources/BluePlayer.prefab
  artifactKey: Guid(245f48ed5dfddd74798ecc247704d929) Importer(815301076,1909f56bfc062723c751e8b465ee728b)
Start importing Assets/Resources/BluePlayer.prefab using Guid(245f48ed5dfddd74798ecc247704d929) Importer(815301076,1909f56bfc062723c751e8b465ee728b)  -> (artifact id: 'c0bfbf90d6ae6f987383e16ef7e82dc6') in 0.165687 seconds 
========================================================================
Received Import Request.
  Time since last request: 0.264489 seconds.
  path: Assets/Scenes/Level0Cutscene.playable
  artifactKey: Guid(0a9bec3b8863dec438dc11da727300cd) Importer(815301076,1909f56bfc062723c751e8b465ee728b)
Start importing Assets/Scenes/Level0Cutscene.playable using Guid(0a9bec3b8863dec438dc11da727300cd) Importer(815301076,1909f56bfc062723c751e8b465ee728b)  -> (artifact id: '63ca6fbdb166c8e18a03a41defe6bc83') in 0.020009 seconds 
========================================================================
Received Import Request.
  Time since last request: 14.488369 seconds.
  path: Assets/Scenes/LobbyScene.unity
  artifactKey: Guid(3adb158719a2fde47b23f83f67d010c9) Importer(815301076,1909f56bfc062723c751e8b465ee728b)
Start importing Assets/Scenes/LobbyScene.unity using Guid(3adb158719a2fde47b23f83f67d010c9) Importer(815301076,1909f56bfc062723c751e8b465ee728b)  -> (artifact id: '89dd88e07270e35b4655911127eedad7') in 0.005906 seconds 
